\BOOKMARK [0][-]{chapter.1}{\376\377\004\020\004\100\004\105\004\070\004\102\004\065\004\072\004\102\004\103\004\100\004\060\000\040\004\064\004\062\004\103\004\105\004\107\004\060\004\101\004\102\004\075\004\076\004\071\000\040\000C\000l\000i\000m\000a\000x\000\040\000A\000r\000e\000n\000a}{}% 1
\BOOKMARK [1][-]{section.1.1}{\376\377\004\036\004\061\004\111\004\060\004\117\000\040\004\101\004\102\004\100\004\103\004\072\004\102\004\103\004\100\004\060}{chapter.1}% 2
\BOOKMARK [1][-]{section.1.2}{\376\377\004\032\004\073\004\116\004\107\004\065\004\062\004\113\004\065\000\040\004\100\004\060\004\067\004\073\004\070\004\107\004\070\004\117\000\040\004\074\004\065\004\066\004\064\004\103\000\040\004\107\004\060\004\101\004\102\004\117\004\074\004\070}{chapter.1}% 3
\BOOKMARK [0][-]{chapter.2}{\376\377\004\040\004\076\004\073\004\070\000\040\004\077\004\100\004\076\004\102\004\070\004\062\004\075\004\070\004\072\004\076\004\062}{}% 4
\BOOKMARK [1][-]{section.2.1}{\376\377\004\041\004\070\004\101\004\102\004\065\004\074\004\060\000\040\004\100\004\076\004\073\004\065\004\071}{chapter.2}% 5
\BOOKMARK [2][-]{subsection.2.1.1}{\376\377\004\037\004\117\004\102\004\114\000\040\004\076\004\101\004\075\004\076\004\062\004\075\004\113\004\105\000\040\004\100\004\076\004\073\004\065\004\071}{section.2.1}% 6
\BOOKMARK [2][-]{subsection.2.1.2}{\376\377\004\042\004\060\004\061\004\073\004\070\004\106\004\060\000\040\004\100\004\076\004\073\004\065\004\071\000\040\004\101\000\040\004\077\004\060\004\100\004\060\004\074\004\065\004\102\004\100\004\060\004\074\004\070}{section.2.1}% 7
\BOOKMARK [1][-]{section.2.2}{\376\377\004\032\004\076\004\074\004\061\004\070\004\075\004\060\004\106\004\070\004\070\000\040\004\100\004\076\004\073\004\065\004\071\000:\000\040\004\064\004\060\004\062\004\073\004\065\004\075\004\070\004\065\000\040\004\072\004\060\004\072\000\040\004\101\004\070\004\101\004\102\004\065\004\074\004\060}{chapter.2}% 8
\BOOKMARK [0][-]{chapter.3}{\376\377\004\047\004\060\004\101\004\102\004\114\000\040\000I\000:\000\040\004\032\004\076\004\100\004\070\004\064\004\076\004\100\004\075\004\113\004\065\000\040\004\101\004\102\004\113\004\107\004\072\004\070}{}% 9
\BOOKMARK [1][-]{section.3.1}{\376\377\004\032\004\076\004\075\004\102\004\065\004\072\004\101\004\102}{chapter.3}% 10
\BOOKMARK [1][-]{section.3.2}{\376\377\004\037\004\100\004\060\004\062\004\070\004\073\004\060\000\040\004\100\004\060\004\067\004\074\004\065\004\111\004\065\004\075\004\070\004\117\000\040\004\062\004\100\004\060\004\063\004\076\004\062\000\040\004\062\000\040\004\072\004\076\004\100\004\070\004\064\004\076\004\100\004\060\004\105}{chapter.3}% 11
\BOOKMARK [2][-]{subsection.3.2.1}{\376\377\004\037\004\100\004\060\004\062\004\070\004\073\004\076\000\040\0001\000:\000\040\004\024\004\070\004\101\004\102\004\060\004\075\004\106\004\070\004\117\000\040\004\076\004\061\004\075\004\060\004\100\004\103\004\066\004\065\004\075\004\070\004\117}{section.3.2}% 12
\BOOKMARK [2][-]{subsection.3.2.2}{\376\377\004\037\004\100\004\060\004\062\004\070\004\073\004\076\000\040\0002\000:\000\040\004\037\004\100\004\070\004\062\004\117\004\067\004\072\004\060\000\040\004\072\000\040\004\063\004\065\004\076\004\074\004\065\004\102\004\100\004\070\004\070}{section.3.2}% 13
\BOOKMARK [2][-]{subsection.3.2.3}{\376\377\004\037\004\100\004\060\004\062\004\070\004\073\004\076\000\040\0003\000:\000\040\004\035\004\060\004\077\004\100\004\060\004\062\004\073\004\065\004\075\004\070\004\065\000\040\004\064\004\060\004\062\004\073\004\065\004\075\004\070\004\117}{section.3.2}% 14
\BOOKMARK [1][-]{section.3.3}{\376\377\004\055\004\101\004\072\004\060\004\073\004\060\004\106\004\070\004\117\000\040\004\101\004\102\004\113\004\107\004\065\004\072\000\040\004\077\004\076\000\040\004\074\004\065\004\100\004\065\000\040\004\077\004\100\004\076\004\064\004\062\004\070\004\066\004\065\004\075\004\070\004\117}{chapter.3}% 15
\BOOKMARK [2][-]{subsection.3.3.1}{\376\377\004\024\004\065\004\102\004\060\004\073\004\114\004\075\004\113\004\071\000\040\004\077\004\073\004\060\004\075\000\040\004\101\004\102\004\113\004\107\004\065\004\072}{section.3.3}% 16
\BOOKMARK [1][-]{section.3.4}{\376\377\000S\000p\000a\000w\000n\000-\004\073\004\076\004\063\004\070\004\072\004\060\000\040\004\062\000\040\004\072\004\076\004\100\004\070\004\064\004\076\004\100\004\060\004\105}{chapter.3}% 17
\BOOKMARK [0][-]{chapter.4}{\376\377\004\047\004\060\004\101\004\102\004\114\000\040\000I\000I\000:\000\040\004\046\004\065\004\075\004\102\004\100\004\060\004\073\004\114\004\075\004\060\004\117\000\040\004\060\004\100\004\065\004\075\004\060\000\040\000\050\0001\0000\0000\0001\0000\0000\0005\0000\004\074\000\051}{}% 18
\BOOKMARK [1][-]{section.4.1}{\376\377\004\037\004\100\004\070\004\075\004\106\004\070\004\077\004\113\000\040\004\061\004\076\004\117\000\040\004\062\000\040\004\061\004\076\004\073\004\114\004\110\004\076\004\074\000\040\004\076\004\061\004\112\004\121\004\074\004\065}{chapter.4}% 19
\BOOKMARK [2][-]{subsection.4.1.1}{\376\377\004\027\004\076\004\075\004\113\000\040\004\060\004\100\004\065\004\075\004\113}{section.4.1}% 20
\BOOKMARK [2][-]{subsection.4.1.2}{\376\377\004\023\004\076\004\100\004\070\004\067\004\076\004\075\004\102\004\060\004\073\004\114\004\075\004\113\004\065\000\040\004\067\004\076\004\075\004\113}{section.4.1}% 21
\BOOKMARK [1][-]{section.4.2}{\376\377\004\024\004\070\004\067\004\060\004\071\004\075\000\040\004\062\004\076\004\073\004\075}{chapter.4}% 22
\BOOKMARK [2][-]{subsection.4.2.1}{\376\377\004\037\004\060\004\102\004\102\004\065\004\100\004\075\004\113\000\040\004\062\004\076\004\073\004\075\004\076\004\062\004\076\004\071\000\040\004\115\004\101\004\072\004\060\004\073\004\060\004\106\004\070\004\070}{section.4.2}% 23
\BOOKMARK [2][-]{subsection.4.2.2}{\376\377\004\024\004\065\004\102\004\060\004\073\004\114\004\075\004\113\004\071\000\040\004\077\004\073\004\060\004\075\000\040\004\062\004\076\004\073\004\075}{section.4.2}% 24
\BOOKMARK [3][-]{subsubsection.4.2.2.1}{\376\377\004\022\004\076\004\073\004\075\004\060\000\040\0001\000:\000\040\004\022\004\062\004\065\004\064\004\065\004\075\004\070\004\065\000\040\000\050\0000\040\023\0002\000.\0005\000\040\004\074\004\070\004\075\000\051}{subsection.4.2.2}% 25
\BOOKMARK [3][-]{subsubsection.4.2.2.2}{\376\377\004\022\004\076\004\073\004\075\004\060\000\040\0002\000:\000\040\004\055\004\101\004\072\004\060\004\073\004\060\004\106\004\070\004\117\000\040\000\050\0002\000.\0005\040\023\0005\000\040\004\074\004\070\004\075\000\051}{subsection.4.2.2}% 26
\BOOKMARK [3][-]{subsubsection.4.2.2.3}{\376\377\004\022\004\076\004\073\004\075\004\060\000\040\0003\000:\000\040\004\032\004\103\004\073\004\114\004\074\004\070\004\075\004\060\004\106\004\070\004\117\000\040\000\050\0005\040\023\0007\000\040\004\074\004\070\004\075\000\051}{subsection.4.2.2}% 27
\BOOKMARK [3][-]{subsubsection.4.2.2.4}{\376\377\004\021\004\076\004\101\004\101\000-\004\104\004\060\004\067\004\060\000\040\000\050\0007\040\023\0009\000\040\004\074\004\070\004\075\000\051}{subsection.4.2.2}% 28
\BOOKMARK [1][-]{section.4.3}{\376\377\004\037\004\100\004\060\004\062\004\070\004\073\004\060\000\040\000s\000p\000a\000w\000n\000-\004\060\000\040\004\075\004\060\000\040\004\061\004\076\004\073\004\114\004\110\004\076\004\071\000\040\004\060\004\100\004\065\004\075\004\065}{chapter.4}% 29
\BOOKMARK [0][-]{chapter.5}{\376\377\004\037\004\100\004\076\004\101\004\102\004\100\004\060\004\075\004\101\004\102\004\062\004\065\004\075\004\075\004\113\004\065\000\040\004\077\004\060\004\102\004\102\004\065\004\100\004\075\004\113\000\040\004\100\004\060\004\067\004\074\004\065\004\111\004\065\004\075\004\070\004\117}{}% 30
\BOOKMARK [1][-]{section.5.1}{\376\377\004\037\004\060\004\102\004\102\004\065\004\100\004\075\000\040\000<\000<\004\042\004\100\004\070\004\060\004\064\004\060\000>\000>\000\040\000\050\0003\000\040\004\062\004\100\004\060\004\063\004\060\000\051}{chapter.5}% 31
\BOOKMARK [1][-]{section.5.2}{\376\377\004\037\004\060\004\102\004\102\004\065\004\100\004\075\000\040\000<\000<\004\042\004\070\004\101\004\072\004\070\000>\000>\000\040\000\050\0002\000+\0002\000\051}{chapter.5}% 32
\BOOKMARK [1][-]{section.5.3}{\376\377\004\037\004\060\004\102\004\102\004\065\004\100\004\075\000\040\000<\000<\004\041\004\073\004\076\004\070\000>\000>\000\040\000\050\004\062\004\065\004\100\004\102\004\070\004\072\004\060\004\073\004\114\004\075\004\076\004\065\000\040\004\100\004\060\004\101\004\077\004\100\004\065\004\064\004\065\004\073\004\065\004\075\004\070\004\065\000\051}{chapter.5}% 33
\BOOKMARK [1][-]{section.5.4}{\376\377\004\037\004\060\004\102\004\102\004\065\004\100\004\075\000\040\000<\000<\004\057\004\072\004\076\004\100\004\114\000\040\004\070\000\040\004\040\004\076\004\071\000>\000>}{chapter.5}% 34
\BOOKMARK [0][-]{chapter.6}{\376\377\004\037\004\100\004\060\004\062\004\070\004\073\004\060\000\040\004\107\004\065\004\101\004\102\004\075\004\076\004\101\004\102\004\070\000\040\004\070\000\040\004\107\004\070\004\102\004\060\004\065\004\074\004\076\004\101\004\102\004\070}{}% 35
\BOOKMARK [1][-]{section.6.1}{\376\377\004\047\004\065\004\101\004\102\004\075\004\076\004\101\004\102\004\114\000\040\000\050\000F\000a\000i\000r\000n\000e\000s\000s\000\051}{chapter.6}% 36
\BOOKMARK [1][-]{section.6.2}{\376\377\004\047\004\070\004\102\004\060\004\065\004\074\004\076\004\101\004\102\004\114\000\040\000\050\000R\000e\000a\000d\000a\000b\000i\000l\000i\000t\000y\000\051}{chapter.6}% 37
\BOOKMARK [2][-]{subsection.6.2.1}{\376\377\004\022\004\070\004\067\004\103\004\060\004\073\004\114\004\075\004\060\004\117\000\040\004\107\004\070\004\102\004\060\004\065\004\074\004\076\004\101\004\102\004\114\000\040\004\062\004\100\004\060\004\063\004\076\004\062}{section.6.2}% 38
\BOOKMARK [2][-]{subsection.6.2.2}{\376\377\004\037\004\100\004\060\004\062\004\070\004\073\004\076\000\040\000<\000<\004\076\004\064\004\075\004\076\004\063\004\076\000\040\004\062\004\067\004\063\004\073\004\117\004\064\004\060\000>\000>}{section.6.2}% 39
\BOOKMARK [0][-]{chapter.7}{\376\377\004\040\004\065\004\101\004\103\004\100\004\101\004\113\000\040\004\070\000\040\004\115\004\072\004\076\004\075\004\076\004\074\004\070\004\072\004\060\000\040\004\115\004\075\004\072\004\060\004\103\004\075\004\102\004\065\004\100\004\060}{}% 40
\BOOKMARK [1][-]{section.7.1}{\376\377\004\040\004\065\004\101\004\103\004\100\004\101\004\075\004\060\004\117\000\040\004\077\004\065\004\102\004\073\004\117\000\040\000D\000O\000O\000M\000\040\000E\000t\000e\000r\000n\000a\000l}{chapter.7}% 41
\BOOKMARK [1][-]{section.7.2}{\376\377\004\040\004\060\004\067\004\074\004\065\004\111\004\065\004\075\004\070\004\065\000\040\004\100\004\065\004\101\004\103\004\100\004\101\004\076\004\062\000\040\004\075\004\060\000\040\004\060\004\100\004\065\004\075\004\065}{chapter.7}% 42
\BOOKMARK [0][-]{chapter.8}{\376\377\004\047\004\065\004\072\000-\004\073\004\070\004\101\004\102\004\113}{}% 43
\BOOKMARK [1][-]{section.8.1}{\376\377\004\047\004\065\004\072\000-\004\073\004\070\004\101\004\102\000:\000\040\004\032\004\076\004\100\004\070\004\064\004\076\004\100\004\075\004\060\004\117\000\040\004\101\004\102\004\113\004\107\004\072\004\060\000\040\000\050\004\047\004\060\004\101\004\102\004\114\000\040\000I\000\051}{chapter.8}% 44
\BOOKMARK [1][-]{section.8.2}{\376\377\004\047\004\065\004\072\000-\004\073\004\070\004\101\004\102\000:\000\040\004\022\004\076\004\073\004\075\004\060\000\040\004\075\004\060\000\040\004\060\004\100\004\065\004\075\004\065\000\040\000\050\004\047\004\060\004\101\004\102\004\114\000\040\000I\000I\000\051}{chapter.8}% 45
\BOOKMARK [1][-]{section.8.3}{\376\377\004\047\004\065\004\072\000-\004\073\004\070\004\101\004\102\000:\000\040\004\032\004\076\004\074\004\061\004\070\004\075\004\060\004\106\004\070\004\117\000\040\004\062\004\100\004\060\004\063\004\076\004\062}{chapter.8}% 46
\BOOKMARK [0][-]{chapter.9}{\376\377\004\030\004\102\004\065\004\100\004\060\004\106\004\070\004\117\000\040\004\070\000\040\004\077\004\073\004\065\004\071\004\102\004\065\004\101\004\102\004\070\004\075\004\063}{}% 47
\BOOKMARK [1][-]{section.9.1}{\376\377\004\047\004\102\004\076\000\040\004\102\004\065\004\101\004\102\004\070\004\100\004\076\004\062\004\060\004\102\004\114}{chapter.9}% 48
\BOOKMARK [1][-]{section.9.2}{\376\377\004\037\004\100\004\076\004\106\004\065\004\101\004\101\000\040\004\070\004\102\004\065\004\100\004\060\004\106\004\070\004\070}{chapter.9}% 49
